<?xml version="1.0" encoding="UTF-8"?>
<!-- Generated by org.testng.reporters.JUnitXMLReporter -->
<testsuite ignored="0" hostname="LAPTOP-JCK5A7JI" failures="0" tests="10" name="Surefire test" time="16.755" errors="0" timestamp="2024-08-11T15:23:53 IST">
  <testcase classname="api.test.DatadrivenUserTest" name="testPostUser" time="2.607"/>
  <testcase classname="api.test.DatadrivenUserTest" name="testPostUser" time="1.103"/>
  <testcase classname="api.test.DatadrivenUserTest" name="testPostUser" time="1.109"/>
  <testcase classname="api.test.DatadrivenUserTest" name="testDeleteuserByName" time="1.144"/>
  <testcase classname="api.test.DatadrivenUserTest" name="testDeleteuserByName" time="1.134"/>
  <testcase classname="api.test.DatadrivenUserTest" name="testDeleteuserByName" time="1.172"/>
  <testcase classname="api.test.UserTest" name="testPostUser" time="1.094"/>
  <testcase classname="api.test.UserTest" name="testGetUserByName" time="1.164"/>
  <testcase classname="api.test.UserTest" name="testUpdateUserByName" time="2.185"/>
  <testcase classname="api.test.UserTest" name="testdeleteUserByName" time="2.216"/>
</testsuite> <!-- Surefire test -->
