<?xml version="1.0" encoding="UTF-8"?>
<!-- Generated by org.testng.reporters.JUnitXMLReporter -->
<testsuite ignored="5" hostname="LAPTOP-JCK5A7JI" failures="0" tests="1" name="Default test" time="9.21" errors="0" timestamp="2024-09-11T15:56:15 IST">
  <testcase classname="api.test.UserTest" name="createUserWithList" time="8.791"/>
  <testcase classname="api.test.UserTest" name="testCrudUser" time="0.0">
    <ignored/>
  </testcase> <!-- testCrudUser -->
  <testcase classname="api.test.UserTest" name="testUpdateUserByName" time="0.0">
    <ignored/>
  </testcase> <!-- testUpdateUserByName -->
  <testcase classname="api.test.UserTest" name="testPostUser" time="0.0">
    <ignored/>
  </testcase> <!-- testPostUser -->
  <testcase classname="api.test.UserTest" name="testdeleteUserByName" time="0.0">
    <ignored/>
  </testcase> <!-- testdeleteUserByName -->
  <testcase classname="api.test.UserTest" name="testGetUserByName" time="0.0">
    <ignored/>
  </testcase> <!-- testGetUserByName -->
</testsuite> <!-- Default test -->
