<?xml version="1.0" encoding="UTF-8"?>
<!-- Generated by org.testng.reporters.JUnitXMLReporter -->
<testsuite ignored="0" hostname="LAPTOP-JCK5A7JI" failures="0" tests="6" name="Default test" time="10.62" errors="0" timestamp="2024-08-11T11:25:19 IST">
  <testcase classname="api.test.DatadrivenUserTest" name="testPostUser" time="3.385"/>
  <testcase classname="api.test.DatadrivenUserTest" name="testPostUser" time="1.129"/>
  <testcase classname="api.test.DatadrivenUserTest" name="testPostUser" time="1.136"/>
  <testcase classname="api.test.DatadrivenUserTest" name="testDeleteuserByName" time="1.146"/>
  <testcase classname="api.test.DatadrivenUserTest" name="testDeleteuserByName" time="1.123"/>
  <testcase classname="api.test.DatadrivenUserTest" name="testDeleteuserByName" time="1.136"/>
</testsuite> <!-- Default test -->
