<?xml version="1.0" encoding="UTF-8"?>
<!-- Generated by org.testng.reporters.JUnitXMLReporter -->
<testsuite ignored="1" hostname="LAPTOP-JCK5A7JI" failures="1" tests="3" name="Test" time="9.272" errors="0" timestamp="2024-09-13T23:06:36 IST">
  <testcase classname="api.test.PetTest" name="getPetTest" time="4.505"/>
  <testcase classname="api.test.PetTest" name="PutPetTest" time="2.97"/>
  <testcase classname="api.test.PetTest" name="DeletePetTest" time="1.291">
    <failure type="java.lang.AssertionError" message="expected [200] but found [404]">
      <![CDATA[java.lang.AssertionError: expected [200] but found [404]
at api.test.PetTest.DeletePetTest(PetTest.java:114)
at java.base/java.util.ArrayList.forEach(ArrayList.java:1511)
... Removed 33 stack frames]]>
    </failure>
  </testcase> <!-- DeletePetTest -->
  <testcase classname="api.test.PetTest" name="testCreatePet" time="0.0">
    <ignored/>
  </testcase> <!-- testCreatePet -->
</testsuite> <!-- Test -->
