<?xml version="1.0" encoding="UTF-8"?>
<!-- Generated by org.testng.reporters.JUnitXMLReporter -->
<testsuite ignored="0" hostname="LAPTOP-JCK5A7JI" failures="0" tests="4" name="Test" time="10.606" errors="0" timestamp="2024-08-11T14:50:45 IST">
  <testcase classname="api.test.UserTest" name="testPostUser" time="3.386"/>
  <testcase classname="api.test.UserTest" name="testGetUserByName" time="1.183"/>
  <testcase classname="api.test.UserTest" name="testUpdateUserByName" time="2.969"/>
  <testcase classname="api.test.UserTest" name="testdeleteUserByName" time="2.461"/>
</testsuite> <!-- Test -->
