<?xml version="1.0" encoding="UTF-8"?>
<!-- Generated by org.testng.reporters.JUnitXMLReporter -->
<testsuite ignored="0" hostname="LAPTOP-JCK5A7JI" failures="0" tests="4" name="Test" time="9.063" errors="0" timestamp="2024-08-11T15:43:49 IST">
  <testcase classname="api.test.UserTest" name="testPostUser" time="2.941"/>
  <testcase classname="api.test.UserTest" name="testGetUserByName" time="1.147"/>
  <testcase classname="api.test.UserTest" name="testUpdateUserByName" time="2.254"/>
  <testcase classname="api.test.UserTest" name="testdeleteUserByName" time="2.304"/>
</testsuite> <!-- Test -->
