<?xml version="1.0" encoding="UTF-8"?>
<testng-results ignored="0" total="4" passed="4" failed="0" skipped="0">
  <reporter-output>
  </reporter-output>
  <suite started-at="2024-08-11T15:43:39 IST" name="Suite" finished-at="2024-08-11T15:43:48 IST" duration-ms="9063">
    <groups>
    </groups>
    <test started-at="2024-08-11T15:43:39 IST" name="Test" finished-at="2024-08-11T15:43:48 IST" duration-ms="9063">
      <class name="api.test.UserTest">
        <test-method is-config="true" signature="setUpData()[pri:0, instance:api.test.UserTest@7c729a55]" started-at="2024-08-11T15:43:39 IST" name="setUpData" finished-at="2024-08-11T15:43:40 IST" duration-ms="167" status="PASS">
          <reporter-output>
          </reporter-output>
        </test-method> <!-- setUpData -->
        <test-method signature="testPostUser()[pri:1, instance:api.test.UserTest@7c729a55]" started-at="2024-08-11T15:43:40 IST" name="testPostUser" finished-at="2024-08-11T15:43:43 IST" duration-ms="2941" status="PASS">
          <reporter-output>
          </reporter-output>
        </test-method> <!-- testPostUser -->
        <test-method signature="testGetUserByName()[pri:2, instance:api.test.UserTest@7c729a55]" started-at="2024-08-11T15:43:43 IST" name="testGetUserByName" finished-at="2024-08-11T15:43:44 IST" duration-ms="1147" status="PASS">
          <reporter-output>
          </reporter-output>
        </test-method> <!-- testGetUserByName -->
        <test-method signature="testUpdateUserByName()[pri:3, instance:api.test.UserTest@7c729a55]" started-at="2024-08-11T15:43:44 IST" name="testUpdateUserByName" finished-at="2024-08-11T15:43:46 IST" duration-ms="2254" status="PASS">
          <reporter-output>
          </reporter-output>
        </test-method> <!-- testUpdateUserByName -->
        <test-method signature="testdeleteUserByName()[pri:4, instance:api.test.UserTest@7c729a55]" started-at="2024-08-11T15:43:46 IST" name="testdeleteUserByName" finished-at="2024-08-11T15:43:48 IST" duration-ms="2304" status="PASS">
          <reporter-output>
          </reporter-output>
        </test-method> <!-- testdeleteUserByName -->
      </class> <!-- api.test.UserTest -->
    </test> <!-- Test -->
  </suite> <!-- Suite -->
</testng-results>
