<?xml version="1.0" encoding="UTF-8"?>
<testsuite xmlns:xsi="http://www.w3.org/2001/XMLSchema-instance" xsi:noNamespaceSchemaLocation="https://maven.apache.org/surefire/maven-surefire-plugin/xsd/surefire-test-report.xsd" version="3.0.2" name="TestSuite" time="9.836" tests="4" errors="0" skipped="0" failures="0">
  <properties>
[...]
</properties>
  <testcase name="testPostUser" classname="api.test.UserTest" time="2.95">
    <system-out><![CDATA[HTTP/1.1 200 OK
Date: Sun, 11 Aug 2024 10:13:42 GMT
Content-Type: application/json
Transfer-Encoding: chunked
Connection: keep-alive
Access-Control-Allow-Origin: *
Access-Control-Allow-Methods: GET, POST, DELETE, PUT
Access-Control-Allow-Headers: Content-Type, api_key, Authorization
Server: Jetty(9.2.9.v20150224)

{
    "code": 200,
    "type": "unknown",
    "message": "1986417638"
}
]]></system-out>
    <system-err><![CDATA[SLF4J: Failed to load class "org.slf4j.impl.StaticLoggerBinder".
SLF4J: Defaulting to no-operation (NOP) logger implementation
SLF4J: See http://www.slf4j.org/codes.html#StaticLoggerBinder for further details.
]]></system-err>
  </testcase>
  <testcase name="testGetUserByName" classname="api.test.UserTest" time="1.147">
    <system-out><![CDATA[HTTP/1.1 200 OK
Date: Sun, 11 Aug 2024 10:13:44 GMT
Content-Type: application/json
Transfer-Encoding: chunked
Connection: keep-alive
Access-Control-Allow-Origin: *
Access-Control-Allow-Methods: GET, POST, DELETE, PUT
Access-Control-Allow-Headers: Content-Type, api_key, Authorization
Server: Jetty(9.2.9.v20150224)

{
    "id": 1986417638,
    "username": "tyrell.bosco",
    "email": "lenard.paucek@yahoo.com",
    "password": "unh3m2",
    "phone": "170.664.1570",
    "userStatus": 0
}
]]></system-out>
  </testcase>
  <testcase name="testUpdateUserByName" classname="api.test.UserTest" time="2.259">
    <system-out><![CDATA[HTTP/1.1 200 OK
Date: Sun, 11 Aug 2024 10:13:45 GMT
Content-Type: application/json
Transfer-Encoding: chunked
Connection: keep-alive
Access-Control-Allow-Origin: *
Access-Control-Allow-Methods: GET, POST, DELETE, PUT
Access-Control-Allow-Headers: Content-Type, api_key, Authorization
Server: Jetty(9.2.9.v20150224)

{
    "code": 200,
    "type": "unknown",
    "message": "1986417638"
}
HTTP/1.1 200 OK
Date: Sun, 11 Aug 2024 10:13:46 GMT
Content-Type: application/json
Transfer-Encoding: chunked
Connection: keep-alive
Access-Control-Allow-Origin: *
Access-Control-Allow-Methods: GET, POST, DELETE, PUT
Access-Control-Allow-Headers: Content-Type, api_key, Authorization
Server: Jetty(9.2.9.v20150224)

{
    "id": 1986417638,
    "username": "tyrell.bosco",
    "email": "ezequiel.weissnat@gmail.com",
    "password": "unh3m2",
    "phone": "170.664.1570",
    "userStatus": 0
}
]]></system-out>
  </testcase>
  <testcase name="testdeleteUserByName" classname="api.test.UserTest" time="2.291">
    <system-out><![CDATA[HTTP/1.1 200 OK
Date: Sun, 11 Aug 2024 10:13:47 GMT
Content-Type: application/json
Transfer-Encoding: chunked
Connection: keep-alive
Access-Control-Allow-Origin: *
Access-Control-Allow-Methods: GET, POST, DELETE, PUT
Access-Control-Allow-Headers: Content-Type, api_key, Authorization
Server: Jetty(9.2.9.v20150224)

{
    "id": 1986417638,
    "username": "tyrell.bosco",
    "email": "ezequiel.weissnat@gmail.com",
    "password": "unh3m2",
    "phone": "170.664.1570",
    "userStatus": 0
}
]]></system-out>
  </testcase>
</testsuite>